TN:
SF:static/js/StateManager.js
FN:7,(anonymous_0)
FN:31,(anonymous_1)
FN:43,(anonymous_2)
FN:47,(anonymous_3)
FN:57,(anonymous_4)
FN:69,(anonymous_5)
FN:73,(anonymous_6)
FN:81,(anonymous_7)
FN:88,(anonymous_8)
FN:93,(anonymous_9)
FN:97,(anonymous_10)
FN:102,(anonymous_11)
FN:106,(anonymous_12)
FN:113,(anonymous_13)
FNF:14
FNH:14
FNDA:29,(anonymous_0)
FNDA:18,(anonymous_1)
FNDA:6,(anonymous_2)
FNDA:3,(anonymous_3)
FNDA:10,(anonymous_4)
FNDA:3,(anonymous_5)
FNDA:2,(anonymous_6)
FNDA:33,(anonymous_7)
FNDA:5,(anonymous_8)
FNDA:3,(anonymous_9)
FNDA:3,(anonymous_10)
FNDA:29,(anonymous_11)
FNDA:26,(anonymous_12)
FNDA:1,(anonymous_13)
DA:7,29
DA:27,1
DA:29,1
DA:32,18
DA:33,18
DA:39,18
DA:40,18
DA:44,6
DA:48,3
DA:49,3
DA:51,3
DA:52,3
DA:53,3
DA:58,10
DA:59,10
DA:65,10
DA:66,10
DA:70,3
DA:74,2
DA:75,2
DA:76,2
DA:77,2
DA:82,33
DA:83,33
DA:84,33
DA:85,33
DA:89,5
DA:94,3
DA:98,3
DA:103,29
DA:107,26
DA:108,26
DA:109,26
DA:114,1
DA:115,1
DA:120,1
DA:121,1
LF:37
LH:37
BRDA:31,0,0,16
BRDA:57,1,0,8
BRDA:120,2,0,1
BRDA:120,2,1,0
BRDA:120,3,0,1
BRDA:120,3,1,1
BRF:6
BRH:5
end_of_record
TN:
SF:static/js/dataFilters.js
FN:13,(anonymous_0)
FN:26,(anonymous_1)
FN:59,(anonymous_2)
FN:72,(anonymous_3)
FN:96,(anonymous_4)
FN:117,(anonymous_5)
FN:138,(anonymous_6)
FN:151,(anonymous_7)
FN:178,(anonymous_8)
FN:186,(anonymous_9)
FN:206,(anonymous_10)
FN:214,(anonymous_11)
FN:219,(anonymous_12)
FN:226,(anonymous_13)
FNF:14
FNH:14
FNDA:10,(anonymous_0)
FNDA:21,(anonymous_1)
FNDA:9,(anonymous_2)
FNDA:10,(anonymous_3)
FNDA:3,(anonymous_4)
FNDA:4,(anonymous_5)
FNDA:8,(anonymous_6)
FNDA:15,(anonymous_7)
FNDA:3,(anonymous_8)
FNDA:3,(anonymous_9)
FNDA:6,(anonymous_10)
FNDA:7,(anonymous_11)
FNDA:7,(anonymous_12)
FNDA:3,(anonymous_13)
DA:6,1
DA:14,10
DA:15,10
DA:16,1
DA:17,1
DA:20,9
DA:21,2
DA:24,7
DA:26,7
DA:27,21
DA:30,20
DA:31,3
DA:35,16
DA:36,1
DA:40,15
DA:41,2
DA:44,13
DA:47,1
DA:48,1
DA:60,9
DA:61,9
DA:62,1
DA:63,1
DA:66,8
DA:69,8
DA:70,4
DA:72,4
DA:73,10
DA:76,10
DA:77,1
DA:81,8
DA:82,1
DA:86,7
DA:87,1
DA:90,6
DA:95,7
DA:96,1
DA:97,3
DA:99,3
DA:101,3
DA:102,3
DA:103,3
DA:106,2
DA:107,2
DA:108,2
DA:111,1
DA:116,7
DA:117,6
DA:118,4
DA:119,4
DA:120,4
DA:124,7
DA:126,1
DA:127,1
DA:139,8
DA:140,8
DA:141,1
DA:142,1
DA:145,7
DA:148,7
DA:149,5
DA:151,5
DA:152,15
DA:155,15
DA:156,2
DA:158,13
DA:159,2
DA:163,11
DA:164,1
DA:168,10
DA:169,1
DA:172,9
DA:177,7
DA:178,1
DA:179,3
DA:185,7
DA:186,1
DA:187,3
DA:192,7
DA:194,0
DA:195,0
DA:207,6
DA:208,6
DA:209,2
DA:212,4
DA:214,4
DA:215,7
DA:218,7
DA:219,4
DA:220,7
DA:226,3
DA:227,3
DA:228,3
DA:233,1
DA:234,1
DA:240,1
DA:241,1
LF:97
LH:95
BRDA:15,0,0,1
BRDA:15,0,1,9
BRDA:20,1,0,2
BRDA:20,1,1,7
BRDA:20,2,0,9
BRDA:20,2,1,7
BRDA:27,3,0,1
BRDA:27,3,1,20
BRDA:30,4,0,3
BRDA:30,4,1,16
BRDA:30,5,0,20
BRDA:30,5,1,18
BRDA:35,6,0,1
BRDA:35,6,1,15
BRDA:35,7,0,16
BRDA:35,7,1,15
BRDA:40,8,0,2
BRDA:40,8,1,13
BRDA:40,9,0,15
BRDA:40,9,1,13
BRDA:59,10,0,7
BRDA:61,11,0,1
BRDA:61,11,1,8
BRDA:69,12,0,4
BRDA:69,12,1,4
BRDA:69,13,0,8
BRDA:69,13,1,4
BRDA:73,14,0,0
BRDA:73,14,1,10
BRDA:76,15,0,1
BRDA:76,15,1,8
BRDA:76,16,0,10
BRDA:76,16,1,9
BRDA:81,17,0,1
BRDA:81,17,1,7
BRDA:81,18,0,8
BRDA:81,18,1,8
BRDA:86,19,0,1
BRDA:86,19,1,6
BRDA:86,20,0,7
BRDA:86,20,1,7
BRDA:95,21,0,1
BRDA:95,21,1,6
BRDA:95,22,0,7
BRDA:95,22,1,6
BRDA:97,23,0,0
BRDA:97,23,1,3
BRDA:101,24,0,3
BRDA:101,24,1,0
BRDA:103,25,0,1
BRDA:103,25,1,2
BRDA:106,26,0,2
BRDA:106,26,1,0
BRDA:108,27,0,1
BRDA:108,27,1,1
BRDA:116,28,0,6
BRDA:116,28,1,1
BRDA:118,29,0,4
BRDA:118,29,1,0
BRDA:119,30,0,4
BRDA:119,30,1,0
BRDA:138,31,0,6
BRDA:140,32,0,1
BRDA:140,32,1,7
BRDA:148,33,0,5
BRDA:148,33,1,2
BRDA:148,34,0,7
BRDA:148,34,1,5
BRDA:152,35,0,0
BRDA:152,35,1,15
BRDA:155,36,0,2
BRDA:155,36,1,13
BRDA:155,37,0,15
BRDA:155,37,1,15
BRDA:158,38,0,2
BRDA:158,38,1,11
BRDA:158,39,0,13
BRDA:158,39,1,13
BRDA:163,40,0,1
BRDA:163,40,1,10
BRDA:163,41,0,11
BRDA:163,41,1,11
BRDA:168,42,0,1
BRDA:168,42,1,9
BRDA:168,43,0,10
BRDA:168,43,1,10
BRDA:177,44,0,1
BRDA:177,44,1,6
BRDA:179,45,0,3
BRDA:179,45,1,2
BRDA:185,46,0,1
BRDA:185,46,1,6
BRDA:187,47,0,3
BRDA:187,47,1,3
BRDA:206,48,0,5
BRDA:208,49,0,2
BRDA:208,49,1,4
BRDA:208,50,0,6
BRDA:208,50,1,5
BRDA:208,50,2,4
BRDA:209,51,0,2
BRDA:209,51,1,1
BRDA:215,52,0,0
BRDA:215,52,1,7
BRDA:218,53,0,4
BRDA:218,53,1,3
BRDA:220,54,0,7
BRDA:220,54,1,6
BRDA:228,55,0,3
BRDA:228,55,1,3
BRDA:240,56,0,1
BRDA:240,56,1,0
BRDA:240,57,0,1
BRDA:240,57,1,1
BRF:114
BRH:105
end_of_record
TN:
SF:static/js/uiFeedback.js
FN:12,(anonymous_0)
FN:42,(anonymous_1)
FN:61,(anonymous_2)
FN:91,(anonymous_3)
FN:109,(anonymous_4)
FN:112,(anonymous_5)
FN:125,(anonymous_6)
FN:135,(anonymous_7)
FN:183,(anonymous_8)
FNF:9
FNH:7
FNDA:7,(anonymous_0)
FNDA:0,(anonymous_1)
FNDA:6,(anonymous_2)
FNDA:0,(anonymous_3)
FNDA:26,(anonymous_4)
FNDA:15,(anonymous_5)
FNDA:2,(anonymous_6)
FNDA:4,(anonymous_7)
FNDA:3,(anonymous_8)
DA:6,1
DA:13,7
DA:14,7
DA:17,7
DA:20,7
DA:21,7
DA:22,7
DA:35,7
DA:38,7
DA:41,7
DA:42,6
DA:43,0
DA:44,0
DA:49,7
DA:51,0
DA:52,0
DA:62,6
DA:63,6
DA:66,6
DA:69,6
DA:70,6
DA:71,6
DA:84,6
DA:87,6
DA:90,6
DA:91,6
DA:92,0
DA:93,0
DA:98,6
DA:100,0
DA:101,0
DA:110,26
DA:111,26
DA:112,26
DA:113,15
DA:114,15
DA:118,0
DA:126,2
DA:127,2
DA:136,4
DA:138,4
DA:140,4
DA:141,4
DA:142,4
DA:154,4
DA:160,4
DA:161,1
DA:162,1
DA:163,1
DA:169,1
DA:172,4
DA:173,4
DA:175,0
DA:176,0
DA:184,3
DA:189,1
DA:190,1
LF:57
LH:46
BRDA:12,0,0,5
BRDA:41,1,0,6
BRDA:41,1,1,1
BRDA:43,2,0,0
BRDA:43,2,1,0
BRDA:61,3,0,5
BRDA:90,4,0,6
BRDA:90,4,1,0
BRDA:92,5,0,0
BRDA:92,5,1,0
BRDA:113,6,0,15
BRDA:113,6,1,0
BRDA:135,7,0,1
BRDA:160,8,0,1
BRDA:160,8,1,3
BRDA:189,9,0,1
BRDA:189,9,1,0
BRDA:189,10,0,1
BRDA:189,10,1,1
BRF:19
BRH:12
end_of_record
TN:
SF:static/js/userGuidance.js
FN:16,(anonymous_0)
FN:24,(anonymous_1)
FN:43,(anonymous_2)
FN:81,(anonymous_3)
FN:84,(anonymous_4)
FN:100,(anonymous_5)
FN:118,(anonymous_6)
FNF:7
FNH:7
FNDA:5,(anonymous_0)
FNDA:13,(anonymous_1)
FNDA:12,(anonymous_2)
FNDA:4,(anonymous_3)
FNDA:10,(anonymous_4)
FNDA:13,(anonymous_5)
FNDA:3,(anonymous_6)
DA:6,1
DA:12,1
DA:17,5
DA:18,5
DA:24,5
DA:25,13
DA:26,12
DA:27,11
DA:31,4
DA:32,4
DA:34,1
DA:35,1
DA:44,12
DA:45,12
DA:46,1
DA:47,1
DA:50,11
DA:51,10
DA:52,9
DA:53,9
DA:56,9
DA:57,9
DA:58,7
DA:59,7
DA:60,7
DA:61,6
DA:62,6
DA:66,9
DA:69,1
DA:70,1
DA:72,1
DA:73,1
DA:82,4
DA:83,4
DA:84,4
DA:85,10
DA:86,9
DA:88,3
DA:90,1
DA:91,1
DA:101,13
DA:102,13
DA:103,1
DA:106,12
DA:107,11
DA:109,1
DA:110,1
DA:119,3
DA:124,1
DA:125,1
LF:50
LH:50
BRDA:26,0,0,11
BRDA:26,0,1,1
BRDA:45,1,0,1
BRDA:45,1,1,11
BRDA:51,2,0,9
BRDA:51,2,1,1
BRDA:57,3,0,7
BRDA:57,3,1,2
BRDA:60,4,0,6
BRDA:60,4,1,1
BRDA:60,5,0,7
BRDA:60,5,1,7
BRDA:86,6,0,8
BRDA:86,6,1,1
BRDA:102,7,0,1
BRDA:102,7,1,12
BRDA:107,8,0,10
BRDA:107,8,1,1
BRDA:124,9,0,1
BRDA:124,9,1,0
BRDA:124,10,0,1
BRDA:124,10,1,1
BRF:22
BRH:21
end_of_record
